Using pre-set license
Built from '2020.3/staging' branch; Version is '2020.3.9f1 (108be757e447) revision 1084391'; Using compiler version '192528614'; Build Type 'Release'
OS: 'Windows 10 Education; OS build 19042.1288; Version 2009; 64bit' Language: 'ko' Physical Memory: 16108 MB
BatchMode: 1, IsHumanControllingUs: 0, StartBugReporterOnCrash: 0, Is64bit: 1, IsPro: 0

 COMMAND LINE ARGUMENTS:
C:\Program Files\Unity\Hub\Editor\2020.3.9f1\Editor\Unity.exe
-adb2
-batchMode
-noUpm
-name
AssetImportWorker0
-projectPath
D:/@코딩/C#_스도쿠 게임 프로젝트/Sudoku Game Proj
-logFile
Logs/AssetImportWorker0.log
-srvPort
60428
Successfully changed project path to: D:/@코딩/C#_스도쿠 게임 프로젝트/Sudoku Game Proj
D:/@코딩/C#_스도쿠 게임 프로젝트/Sudoku Game Proj
Using Asset Import Pipeline V2.
Refreshing native plugins compatible for Editor in 37.60 ms, found 1 plugins.
Preloading 0 native plugins for Editor in 0.00 ms.
Initialize engine version: 2020.3.9f1 (108be757e447)
[Subsystems] Discovering subsystems at path C:/Program Files/Unity/Hub/Editor/2020.3.9f1/Editor/Data/Resources/UnitySubsystems
[Subsystems] Discovering subsystems at path D:/@코딩/C#_스도쿠 게임 프로젝트/Sudoku Game Proj/Assets
GfxDevice: creating device client; threaded=0
Direct3D:
    Version:  Direct3D 11.0 [level 11.1]
    Renderer: Intel(R) Iris(R) Xe Graphics (ID=0x9a49)
    Vendor:   
    VRAM:     8054 MB
    Driver:   27.20.100.8853
Initialize mono
Mono path[0] = 'C:/Program Files/Unity/Hub/Editor/2020.3.9f1/Editor/Data/Managed'
Mono path[1] = 'C:/Program Files/Unity/Hub/Editor/2020.3.9f1/Editor/Data/MonoBleedingEdge/lib/mono/unityjit'
Mono config path = 'C:/Program Files/Unity/Hub/Editor/2020.3.9f1/Editor/Data/MonoBleedingEdge/etc'
Using monoOptions --debugger-agent=transport=dt_socket,embedding=1,server=y,suspend=n,address=127.0.0.1:56748
Begin MonoManager ReloadAssembly
Registering precompiled unity dll's ...
Register platform support module: C:/Program Files/Unity/Hub/Editor/2020.3.9f1/Editor/Data/PlaybackEngines/WindowsStandaloneSupport/UnityEditor.WindowsStandalone.Extensions.dll
Registered in 0.003894 seconds.
Native extension for WindowsStandalone target not found
Refreshing native plugins compatible for Editor in 25.74 ms, found 1 plugins.
Preloading 0 native plugins for Editor in 0.00 ms.
Mono: successfully reloaded assembly
- Completed reload, in  0.954 seconds
Platform modules already initialized, skipping
Registering precompiled user dll's ...
Registered in 0.040387 seconds.
Begin MonoManager ReloadAssembly
Native extension for WindowsStandalone target not found
Refreshing native plugins compatible for Editor in 29.89 ms, found 1 plugins.
Preloading 0 native plugins for Editor in 0.00 ms.
Mono: successfully reloaded assembly
- Completed reload, in  2.796 seconds
Platform modules already initialized, skipping
========================================================================
Worker process is ready to serve import requests
Launched and connected shader compiler UnityShaderCompiler.exe after 0.05 seconds
Refreshing native plugins compatible for Editor in 0.28 ms, found 1 plugins.
Preloading 0 native plugins for Editor in 0.00 ms.
Unloading 1808 Unused Serialized files (Serialized files now loaded: 0)
System memory in use before: 84.9 MB.
System memory in use after: 84.8 MB.

Unloading 24 unused Assets to reduce memory usage. Loaded Objects now: 2250.
Total: 1.700400 ms (FindLiveObjects: 0.110000 ms CreateObjectMapping: 0.031100 ms MarkObjects: 1.436600 ms  DeleteObjects: 0.121700 ms)

========================================================================
Received Import Request.
  path: Assets/Prefabs/Square.prefab
  artifactKey: Guid(f33feeedc48299341b3cf3841860b3e0) Importer(815301076,1909f56bfc062723c751e8b465ee728b)
Start importing Assets/Prefabs/Square.prefab using Guid(f33feeedc48299341b3cf3841860b3e0) Importer(815301076,1909f56bfc062723c751e8b465ee728b)  -> (artifact id: 'b7069fadd5843b04c6024842ae5c1c95') in 0.104397 seconds
  Import took 0.108030 seconds .

========================================================================
Received Prepare
Registering precompiled user dll's ...
Registered in 0.000964 seconds.
Begin MonoManager ReloadAssembly
Native extension for WindowsStandalone target not found
Refreshing native plugins compatible for Editor in 0.34 ms, found 1 plugins.
Preloading 0 native plugins for Editor in 0.00 ms.
Mono: successfully reloaded assembly
- Completed reload, in  0.732 seconds
Platform modules already initialized, skipping
Refreshing native plugins compatible for Editor in 0.27 ms, found 1 plugins.
Preloading 0 native plugins for Editor in 0.00 ms.
Unloading 1803 Unused Serialized files (Serialized files now loaded: 0)
System memory in use before: 87.9 MB.
System memory in use after: 87.9 MB.

Unloading 12 unused Assets to reduce memory usage. Loaded Objects now: 2261.
Total: 1.684700 ms (FindLiveObjects: 0.115600 ms CreateObjectMapping: 0.031400 ms MarkObjects: 1.439500 ms  DeleteObjects: 0.097300 ms)

========================================================================
Received Prepare
Registering precompiled user dll's ...
Registered in 0.000747 seconds.
Begin MonoManager ReloadAssembly
Native extension for WindowsStandalone target not found
Refreshing native plugins compatible for Editor in 0.29 ms, found 1 plugins.
Preloading 0 native plugins for Editor in 0.00 ms.
Mono: successfully reloaded assembly
- Completed reload, in  0.723 seconds
Platform modules already initialized, skipping
Refreshing native plugins compatible for Editor in 0.43 ms, found 1 plugins.
Preloading 0 native plugins for Editor in 0.00 ms.
Unloading 1803 Unused Serialized files (Serialized files now loaded: 0)
System memory in use before: 88.0 MB.
System memory in use after: 87.9 MB.

Unloading 12 unused Assets to reduce memory usage. Loaded Objects now: 2265.
Total: 1.691800 ms (FindLiveObjects: 0.130100 ms CreateObjectMapping: 0.040600 ms MarkObjects: 1.416900 ms  DeleteObjects: 0.102700 ms)

========================================================================
Received Prepare
Registering precompiled user dll's ...
Registered in 0.001115 seconds.
Begin MonoManager ReloadAssembly
Native extension for WindowsStandalone target not found
Refreshing native plugins compatible for Editor in 0.33 ms, found 1 plugins.
Preloading 0 native plugins for Editor in 0.00 ms.
Mono: successfully reloaded assembly
- Completed reload, in  0.761 seconds
Platform modules already initialized, skipping
Refreshing native plugins compatible for Editor in 0.27 ms, found 1 plugins.
Preloading 0 native plugins for Editor in 0.00 ms.
Unloading 1803 Unused Serialized files (Serialized files now loaded: 0)
System memory in use before: 88.0 MB.
System memory in use after: 88.0 MB.

Unloading 12 unused Assets to reduce memory usage. Loaded Objects now: 2269.
Total: 1.740700 ms (FindLiveObjects: 0.125600 ms CreateObjectMapping: 0.037300 ms MarkObjects: 1.452400 ms  DeleteObjects: 0.124400 ms)

========================================================================
Received Import Request.
  Time since last request: 3074.214990 seconds.
  path: Assets/Prefabs/Square.prefab
  artifactKey: Guid(f33feeedc48299341b3cf3841860b3e0) Importer(815301076,1909f56bfc062723c751e8b465ee728b)
Start importing Assets/Prefabs/Square.prefab using Guid(f33feeedc48299341b3cf3841860b3e0) Importer(815301076,1909f56bfc062723c751e8b465ee728b)  -> (artifact id: 'dd967627da117f2bf5a4bb44ce958c91') in 0.058986 seconds
  Import took 0.063333 seconds .

========================================================================
Received Import Request.
  Time since last request: 20.844316 seconds.
  path: Assets/Prefabs/Square.prefab
  artifactKey: Guid(f33feeedc48299341b3cf3841860b3e0) Importer(815301076,1909f56bfc062723c751e8b465ee728b)
Start importing Assets/Prefabs/Square.prefab using Guid(f33feeedc48299341b3cf3841860b3e0) Importer(815301076,1909f56bfc062723c751e8b465ee728b)  -> (artifact id: '8274f6a04d0f21d0aba61f7a941ca831') in 0.018562 seconds
  Import took 0.021630 seconds .

========================================================================
Received Import Request.
  Time since last request: 2.075568 seconds.
  path: Assets/Scenes
  artifactKey: Guid(97ff2b90fd4948b4693b5081f07ff97f) Importer(815301076,1909f56bfc062723c751e8b465ee728b)
Start importing Assets/Scenes using Guid(97ff2b90fd4948b4693b5081f07ff97f) Importer(815301076,1909f56bfc062723c751e8b465ee728b)  -> (artifact id: 'cb65b03de4384b476810a5d42679122c') in 0.010195 seconds
  Import took 0.015254 seconds .

========================================================================
Received Prepare
Registering precompiled user dll's ...
Registered in 0.000739 seconds.
Begin MonoManager ReloadAssembly
Native extension for WindowsStandalone target not found
Refreshing native plugins compatible for Editor in 0.27 ms, found 1 plugins.
Preloading 0 native plugins for Editor in 0.00 ms.
Mono: successfully reloaded assembly
- Completed reload, in  0.688 seconds
Platform modules already initialized, skipping
Refreshing native plugins compatible for Editor in 0.28 ms, found 1 plugins.
Preloading 0 native plugins for Editor in 0.00 ms.
Unloading 1803 Unused Serialized files (Serialized files now loaded: 0)
System memory in use before: 88.0 MB.
System memory in use after: 88.0 MB.

Unloading 12 unused Assets to reduce memory usage. Loaded Objects now: 2274.
Total: 1.589100 ms (FindLiveObjects: 0.112900 ms CreateObjectMapping: 0.028800 ms MarkObjects: 1.359200 ms  DeleteObjects: 0.087500 ms)

========================================================================
Received Import Request.
  Time since last request: 637.669275 seconds.
  path: Packages/com.unity.2d.animation
  artifactKey: Guid(bb5c94055a953b6081dfc49350569eb1) Importer(815301076,1909f56bfc062723c751e8b465ee728b)
Start importing Packages/com.unity.2d.animation using Guid(bb5c94055a953b6081dfc49350569eb1) Importer(815301076,1909f56bfc062723c751e8b465ee728b)  -> (artifact id: '09fa518512abe465e781a54efa05d46a') in 0.012824 seconds
  Import took 0.017551 seconds .

========================================================================
Received Import Request.
  Time since last request: 0.652920 seconds.
  path: Packages/com.unity.2d.common
  artifactKey: Guid(a5dcdac2498697dc1122d527a3e49621) Importer(815301076,1909f56bfc062723c751e8b465ee728b)
Start importing Packages/com.unity.2d.common using Guid(a5dcdac2498697dc1122d527a3e49621) Importer(815301076,1909f56bfc062723c751e8b465ee728b)  -> (artifact id: '14eb4a9124aed34dcc9f6aaaba9a635a') in 0.009450 seconds
  Import took 0.013782 seconds .

========================================================================
Received Import Request.
  Time since last request: 0.357202 seconds.
  path: Packages/com.unity.2d.path
  artifactKey: Guid(b408cb5710d3960a737996681ad0c300) Importer(815301076,1909f56bfc062723c751e8b465ee728b)
Start importing Packages/com.unity.2d.path using Guid(b408cb5710d3960a737996681ad0c300) Importer(815301076,1909f56bfc062723c751e8b465ee728b)  -> (artifact id: 'eab3aba49165f8247a4276832bd0928d') in 0.009844 seconds
  Import took 0.014123 seconds .

========================================================================
Received Import Request.
  Time since last request: 0.287452 seconds.
  path: Packages/com.unity.2d.pixel-perfect
  artifactKey: Guid(915dabe870142d4eb34a5dbf62d6df68) Importer(815301076,1909f56bfc062723c751e8b465ee728b)
Start importing Packages/com.unity.2d.pixel-perfect using Guid(915dabe870142d4eb34a5dbf62d6df68) Importer(815301076,1909f56bfc062723c751e8b465ee728b)  -> (artifact id: 'c2f3111682522c8c1cda9d548ab00918') in 0.011296 seconds
  Import took 0.015136 seconds .

========================================================================
Received Import Request.
  Time since last request: 0.415804 seconds.
  path: Packages/com.unity.2d.sprite
  artifactKey: Guid(0901a6b758d060e9422c4f8d588d5895) Importer(815301076,1909f56bfc062723c751e8b465ee728b)
Start importing Packages/com.unity.2d.sprite using Guid(0901a6b758d060e9422c4f8d588d5895) Importer(815301076,1909f56bfc062723c751e8b465ee728b)  -> (artifact id: '1ac9f0859ed1eccac4506b3b2480e9d0') in 0.009118 seconds
  Import took 0.015313 seconds .

========================================================================
Received Import Request.
  Time since last request: 0.328021 seconds.
  path: Packages/com.unity.2d.tilemap
  artifactKey: Guid(4e00cf00a7281e0d7ee16a9f76f3c3bb) Importer(815301076,1909f56bfc062723c751e8b465ee728b)
Start importing Packages/com.unity.2d.tilemap using Guid(4e00cf00a7281e0d7ee16a9f76f3c3bb) Importer(815301076,1909f56bfc062723c751e8b465ee728b)  -> (artifact id: 'dd4db2989a23261ac4400a439f7f11f4') in 0.010655 seconds
  Import took 0.014117 seconds .

========================================================================
Received Import Request.
  Time since last request: 0.311732 seconds.
  path: Packages/com.unity.ext.nunit
  artifactKey: Guid(25a477c2f24db8778a4179421a32cc21) Importer(815301076,1909f56bfc062723c751e8b465ee728b)
Start importing Packages/com.unity.ext.nunit using Guid(25a477c2f24db8778a4179421a32cc21) Importer(815301076,1909f56bfc062723c751e8b465ee728b)  -> (artifact id: 'de8b3f671dc9f0a57b867a67d4aae8de') in 0.011863 seconds
  Import took 0.014717 seconds .

========================================================================
Received Import Request.
  Time since last request: 0.274941 seconds.
  path: Packages/com.unity.mathematics
  artifactKey: Guid(795e97ad99e2f6ffd2060ae1983b6f25) Importer(815301076,1909f56bfc062723c751e8b465ee728b)
Start importing Packages/com.unity.mathematics using Guid(795e97ad99e2f6ffd2060ae1983b6f25) Importer(815301076,1909f56bfc062723c751e8b465ee728b)  -> (artifact id: 'aebfa49ff76e8719c04c38f477933d69') in 0.007216 seconds
  Import took 0.012698 seconds .

========================================================================
Received Import Request.
  Time since last request: 0.238690 seconds.
  path: Packages/com.unity.test-framework
  artifactKey: Guid(6023f2b823fc19b4e4a90875281ff117) Importer(815301076,1909f56bfc062723c751e8b465ee728b)
Start importing Packages/com.unity.test-framework using Guid(6023f2b823fc19b4e4a90875281ff117) Importer(815301076,1909f56bfc062723c751e8b465ee728b)  -> (artifact id: '7b3fecfc8d873fe96244889d860a7252') in 0.009784 seconds
  Import took 0.013295 seconds .

========================================================================
Received Import Request.
  Time since last request: 0.000899 seconds.
  path: Packages/com.unity.test-framework
  artifactKey: Guid(6023f2b823fc19b4e4a90875281ff117) Importer(815301076,1909f56bfc062723c751e8b465ee728b)
Start importing Packages/com.unity.test-framework using Guid(6023f2b823fc19b4e4a90875281ff117) Importer(815301076,1909f56bfc062723c751e8b465ee728b)  -> (artifact id: '7b3fecfc8d873fe96244889d860a7252') in 0.003641 seconds
  Import took 0.009301 seconds .

========================================================================
Received Import Request.
  Time since last request: 0.231591 seconds.
  path: Packages/com.unity.timeline
  artifactKey: Guid(a4610cf559d77b9f256416d9ccaeac55) Importer(815301076,1909f56bfc062723c751e8b465ee728b)
Start importing Packages/com.unity.timeline using Guid(a4610cf559d77b9f256416d9ccaeac55) Importer(815301076,1909f56bfc062723c751e8b465ee728b)  -> (artifact id: 'faf0c4e2b16555589375b70b30cdb036') in 0.007428 seconds
  Import took 0.011191 seconds .

========================================================================
Received Import Request.
  Time since last request: 0.248513 seconds.
  path: Packages/com.unity.ugui
  artifactKey: Guid(8f7652e09069a1943278893d4264401e) Importer(815301076,1909f56bfc062723c751e8b465ee728b)
Start importing Packages/com.unity.ugui using Guid(8f7652e09069a1943278893d4264401e) Importer(815301076,1909f56bfc062723c751e8b465ee728b)  -> (artifact id: '9be8eef517426cf4e5d1ef023f0f7cab') in 0.009024 seconds
  Import took 0.014806 seconds .

========================================================================
Received Import Request.
  Time since last request: 0.241911 seconds.
  path: Packages/com.unity.ide.vscode
  artifactKey: Guid(1c61a04a5b7737c4d16673d64be4194e) Importer(815301076,1909f56bfc062723c751e8b465ee728b)
Start importing Packages/com.unity.ide.vscode using Guid(1c61a04a5b7737c4d16673d64be4194e) Importer(815301076,1909f56bfc062723c751e8b465ee728b)  -> (artifact id: '6eb59e90e7b94b511476370c7399373e') in 0.008570 seconds
  Import took 0.012630 seconds .

========================================================================
Received Import Request.
  Time since last request: 0.201849 seconds.
  path: Packages/com.unity.ide.visualstudio
  artifactKey: Guid(9db636ca49aa246019dd93b7c8b689f4) Importer(815301076,1909f56bfc062723c751e8b465ee728b)
Start importing Packages/com.unity.ide.visualstudio using Guid(9db636ca49aa246019dd93b7c8b689f4) Importer(815301076,1909f56bfc062723c751e8b465ee728b)  -> (artifact id: '97ec95a5506f2bdeeee79941468489e5') in 0.008441 seconds
  Import took 0.012107 seconds .

========================================================================
Received Import Request.
  Time since last request: 0.000941 seconds.
  path: Packages/com.unity.ide.visualstudio
  artifactKey: Guid(9db636ca49aa246019dd93b7c8b689f4) Importer(815301076,1909f56bfc062723c751e8b465ee728b)
Start importing Packages/com.unity.ide.visualstudio using Guid(9db636ca49aa246019dd93b7c8b689f4) Importer(815301076,1909f56bfc062723c751e8b465ee728b)  -> (artifact id: '97ec95a5506f2bdeeee79941468489e5') in 0.003470 seconds
  Import took 0.007159 seconds .

========================================================================
Received Import Request.
  Time since last request: 18.151212 seconds.
  path: Assets/Scripts
  artifactKey: Guid(900e4092d1ace594e886637614cc597d) Importer(815301076,1909f56bfc062723c751e8b465ee728b)
Start importing Assets/Scripts using Guid(900e4092d1ace594e886637614cc597d) Importer(815301076,1909f56bfc062723c751e8b465ee728b)  -> (artifact id: '2c935ca411d2bf1f250a96f5d3e06599') in 0.009381 seconds
  Import took 0.012515 seconds .

========================================================================
Received Import Request.
  Time since last request: 62.786788 seconds.
  path: Assets/Scripts/LevelMaker.cs
  artifactKey: Guid(84bc7e9fb52bbe4478d06405f83271d0) Importer(815301076,1909f56bfc062723c751e8b465ee728b)
Start importing Assets/Scripts/LevelMaker.cs using Guid(84bc7e9fb52bbe4478d06405f83271d0) Importer(815301076,1909f56bfc062723c751e8b465ee728b)  -> (artifact id: 'e055c8d36c907566cfe5353e95b2472b') in 0.013789 seconds
  Import took 0.016621 seconds .

========================================================================
Received Import Request.
  Time since last request: 0.000559 seconds.
  path: Assets/Scripts/LevelMaker.cs
  artifactKey: Guid(84bc7e9fb52bbe4478d06405f83271d0) Importer(815301076,1909f56bfc062723c751e8b465ee728b)
Start importing Assets/Scripts/LevelMaker.cs using Guid(84bc7e9fb52bbe4478d06405f83271d0) Importer(815301076,1909f56bfc062723c751e8b465ee728b)  -> (artifact id: 'e055c8d36c907566cfe5353e95b2472b') in 0.003547 seconds
  Import took 0.006469 seconds .

========================================================================
Received Prepare
Registering precompiled user dll's ...
Registered in 0.000632 seconds.
Begin MonoManager ReloadAssembly
Native extension for WindowsStandalone target not found
Refreshing native plugins compatible for Editor in 0.29 ms, found 1 plugins.
Preloading 0 native plugins for Editor in 0.00 ms.
Mono: successfully reloaded assembly
- Completed reload, in  0.735 seconds
Platform modules already initialized, skipping
Refreshing native plugins compatible for Editor in 0.28 ms, found 1 plugins.
Preloading 0 native plugins for Editor in 0.00 ms.
Unloading 1804 Unused Serialized files (Serialized files now loaded: 0)
System memory in use before: 88.0 MB.
System memory in use after: 88.0 MB.

Unloading 12 unused Assets to reduce memory usage. Loaded Objects now: 2279.
Total: 3.562600 ms (FindLiveObjects: 0.296600 ms CreateObjectMapping: 0.078000 ms MarkObjects: 2.976000 ms  DeleteObjects: 0.210600 ms)

========================================================================
Received Import Request.
  Time since last request: 30.053295 seconds.
  path: Assets/Scripts/LevelGenerator.cs
  artifactKey: Guid(84bc7e9fb52bbe4478d06405f83271d0) Importer(815301076,1909f56bfc062723c751e8b465ee728b)
Start importing Assets/Scripts/LevelGenerator.cs using Guid(84bc7e9fb52bbe4478d06405f83271d0) Importer(815301076,1909f56bfc062723c751e8b465ee728b)  -> (artifact id: '47e4676262dd1fb8e4c237d2db1b01aa') in 0.012845 seconds
  Import took 0.016607 seconds .

========================================================================
Received Prepare
Registering precompiled user dll's ...
Registered in 0.001327 seconds.
Begin MonoManager ReloadAssembly
Native extension for WindowsStandalone target not found
Refreshing native plugins compatible for Editor in 0.29 ms, found 1 plugins.
Preloading 0 native plugins for Editor in 0.00 ms.
Mono: successfully reloaded assembly
- Completed reload, in  0.748 seconds
Platform modules already initialized, skipping
Refreshing native plugins compatible for Editor in 0.31 ms, found 1 plugins.
Preloading 0 native plugins for Editor in 0.00 ms.
Unloading 1804 Unused Serialized files (Serialized files now loaded: 0)
System memory in use before: 88.0 MB.
System memory in use after: 88.0 MB.

Unloading 12 unused Assets to reduce memory usage. Loaded Objects now: 2283.
Total: 1.671500 ms (FindLiveObjects: 0.132100 ms CreateObjectMapping: 0.032700 ms MarkObjects: 1.423200 ms  DeleteObjects: 0.082700 ms)

========================================================================
Received Prepare
Registering precompiled user dll's ...
Registered in 0.000878 seconds.
Begin MonoManager ReloadAssembly
Native extension for WindowsStandalone target not found
Refreshing native plugins compatible for Editor in 0.41 ms, found 1 plugins.
Preloading 0 native plugins for Editor in 0.00 ms.
Mono: successfully reloaded assembly
- Completed reload, in  0.769 seconds
Platform modules already initialized, skipping
Refreshing native plugins compatible for Editor in 0.26 ms, found 1 plugins.
Preloading 0 native plugins for Editor in 0.00 ms.
Unloading 1804 Unused Serialized files (Serialized files now loaded: 0)
System memory in use before: 88.0 MB.
System memory in use after: 88.0 MB.

Unloading 12 unused Assets to reduce memory usage. Loaded Objects now: 2287.
Total: 1.606400 ms (FindLiveObjects: 0.107400 ms CreateObjectMapping: 0.027800 ms MarkObjects: 1.369500 ms  DeleteObjects: 0.100900 ms)

========================================================================
Received Import Request.
  Time since last request: 1532.180552 seconds.
  path: Assets/Scripts/ShowNumber.cs
  artifactKey: Guid(ae859e15adb93ea4b8ce31d7d5fdf610) Importer(815301076,1909f56bfc062723c751e8b465ee728b)
Start importing Assets/Scripts/ShowNumber.cs using Guid(ae859e15adb93ea4b8ce31d7d5fdf610) Importer(815301076,1909f56bfc062723c751e8b465ee728b)  -> (artifact id: 'ac191bac64213688682281a906257020') in 0.011016 seconds
  Import took 0.013951 seconds .

========================================================================
Received Import Request.
  Time since last request: 0.000947 seconds.
  path: Assets/Scripts/ShowNumber.cs
  artifactKey: Guid(ae859e15adb93ea4b8ce31d7d5fdf610) Importer(815301076,1909f56bfc062723c751e8b465ee728b)
Start importing Assets/Scripts/ShowNumber.cs using Guid(ae859e15adb93ea4b8ce31d7d5fdf610) Importer(815301076,1909f56bfc062723c751e8b465ee728b)  -> (artifact id: 'ac191bac64213688682281a906257020') in 0.003095 seconds
  Import took 0.006116 seconds .

========================================================================
Received Prepare
Registering precompiled user dll's ...
Registered in 0.000670 seconds.
Begin MonoManager ReloadAssembly
Native extension for WindowsStandalone target not found
Refreshing native plugins compatible for Editor in 0.30 ms, found 1 plugins.
Preloading 0 native plugins for Editor in 0.00 ms.
Mono: successfully reloaded assembly
- Completed reload, in  0.770 seconds
Platform modules already initialized, skipping
Refreshing native plugins compatible for Editor in 0.39 ms, found 1 plugins.
Preloading 0 native plugins for Editor in 0.00 ms.
Unloading 1805 Unused Serialized files (Serialized files now loaded: 0)
System memory in use before: 88.1 MB.
System memory in use after: 88.0 MB.

Unloading 12 unused Assets to reduce memory usage. Loaded Objects now: 2292.
Total: 1.700500 ms (FindLiveObjects: 0.120200 ms CreateObjectMapping: 0.035500 ms MarkObjects: 1.439500 ms  DeleteObjects: 0.104400 ms)

